<?xml version="1.0" encoding="UTF-8"?>
<testsuite xmlns:xsi="http://www.w3.org/2001/XMLSchema-instance" xsi:noNamespaceSchemaLocation="https://maven.apache.org/surefire/maven-surefire-plugin/xsd/surefire-test-report-3.0.xsd" version="3.0" name="com.suhaibmdv.backendapp.controller.HelloControllerTest" time="3.138" tests="2" errors="0" skipped="0" failures="0">
  <properties>
[...]
</properties>
  <testcase name="testHealthEndpoint" classname="com.suhaibmdv.backendapp.controller.HelloControllerTest" time="0.919">
    <system-out><![CDATA[17:40:15.910 [main] INFO org.springframework.test.context.support.AnnotationConfigContextLoaderUtils -- Could not detect default configuration classes for test class [com.suhaibmdv.backendapp.controller.HelloControllerTest]: HelloControllerTest does not declare any static, non-private, non-final, nested classes annotated with @Configuration.
17:40:16.135 [main] INFO org.springframework.boot.test.context.SpringBootTestContextBootstrapper -- Found @SpringBootConfiguration com.suhaibmdv.backendapp.BackendApplication for test class com.suhaibmdv.backendapp.controller.HelloControllerTest

  .   ____          _            __ _ _
 /\\ / ___'_ __ _ _(_)_ __  __ _ \ \ \ \
( ( )\___ | '_ | '_| | '_ \/ _` | \ \ \ \
 \\/  ___)| |_)| | | | | || (_| |  ) ) ) )
  '  |____| .__|_| |_|_| |_\__, | / / / /
 =========|_|==============|___/=/_/_/_/
 :: Spring Boot ::                (v3.2.0)

2025-04-28T17:40:16.673Z  INFO 52654 --- [backend-app] [           main] c.s.b.controller.HelloControllerTest     : Starting HelloControllerTest using Java 17.0.15 with PID 52654 (started by ec2-user in /home/ec2-user/backend-app)
2025-04-28T17:40:16.675Z  INFO 52654 --- [backend-app] [           main] c.s.b.controller.HelloControllerTest     : No active profile set, falling back to 1 default profile: "default"
2025-04-28T17:40:17.832Z  INFO 52654 --- [backend-app] [           main] o.s.b.t.m.w.SpringBootMockServletContext : Initializing Spring TestDispatcherServlet ''
2025-04-28T17:40:17.833Z  INFO 52654 --- [backend-app] [           main] o.s.t.web.servlet.TestDispatcherServlet  : Initializing Servlet ''
2025-04-28T17:40:17.837Z  INFO 52654 --- [backend-app] [           main] o.s.t.web.servlet.TestDispatcherServlet  : Completed initialization in 2 ms
2025-04-28T17:40:17.868Z  INFO 52654 --- [backend-app] [           main] c.s.b.controller.HelloControllerTest     : Started HelloControllerTest in 1.651 seconds (process running for 2.84)
]]></system-out>
  </testcase>
  <testcase name="testHelloEndpoint" classname="com.suhaibmdv.backendapp.controller.HelloControllerTest" time="0.014"/>
</testsuite>